c:\users\17628\desktop\ui\dll3\x64\debug\vc142.pdb
c:\users\17628\desktop\ui\dll3\x64\debug\vc142.idb
c:\users\17628\desktop\ui\dll3\x64\debug\utils.obj
c:\users\17628\desktop\ui\dll3\x64\debug\stdafx.obj
c:\users\17628\desktop\ui\dll3\x64\debug\imgproc.obj
c:\users\17628\desktop\ui\dll3\x64\debug\imageprocess.obj
c:\users\17628\desktop\ui\dll3\x64\debug\flash_param.obj
c:\users\17628\desktop\ui\dll3\x64\debug\camera_param.obj
c:\users\17628\desktop\ui\dll3\x64\debug\dll.lib
c:\users\17628\desktop\ui\dll3\x64\debug\dll.exp
c:\users\17628\desktop\ui\dll3\x64\debug\dll.ilk
c:\users\17628\desktop\ui\dll3\x64\debug\dll.dll
c:\users\17628\desktop\ui\dll3\x64\debug\dll.pdb
c:\users\17628\desktop\ui\dll3\x64\debug\dll.tlog\cl.command.1.tlog
c:\users\17628\desktop\ui\dll3\x64\debug\dll.tlog\cl.read.1.tlog
c:\users\17628\desktop\ui\dll3\x64\debug\dll.tlog\cl.write.1.tlog
c:\users\17628\desktop\ui\dll3\x64\debug\dll.tlog\dll.write.1u.tlog
c:\users\17628\desktop\ui\dll3\x64\debug\dll.tlog\link.command.1.tlog
c:\users\17628\desktop\ui\dll3\x64\debug\dll.tlog\link.read.1.tlog
c:\users\17628\desktop\ui\dll3\x64\debug\dll.tlog\link.write.1.tlog
