  imageprocess.cpp
C:\Users\17628\Desktop\dll2\nosaydie_camera.h(9,1): warning C4005:  “MT9V03X_W”: 宏重定义
C:\Users\17628\Desktop\dll2\test.h(5): message :  参见“MT9V03X_W”的前一个定义
C:\Users\17628\Desktop\dll2\nosaydie_camera_bianliang.h(241,1): warning C4305:  “初始化”: 从“double”到“float”截断
C:\Users\17628\Desktop\dll2\nosaydie_camera_bianliang.h(334,1): warning C4305:  “初始化”: 从“double”到“float”截断
C:\Users\17628\Desktop\dll2\nosaydie_camera_bianliang.h(427,1): warning C4305:  “初始化”: 从“double”到“float”截断
C:\Users\17628\Desktop\dll2\imageprocess.cpp(928,12): warning C4244:  “初始化”: 从“double”转换到“float”，可能丢失数据
C:\Users\17628\Desktop\dll2\imageprocess.cpp(940,12): warning C4244:  “初始化”: 从“double”转换到“float”，可能丢失数据
C:\Users\17628\Desktop\dll2\imageprocess.cpp(1005,22): warning C4244:  “=”: 从“double”转换到“float”，可能丢失数据
C:\Users\17628\Desktop\dll2\imageprocess.cpp(1006,22): warning C4244:  “=”: 从“double”转换到“float”，可能丢失数据
C:\Users\17628\Desktop\dll2\imageprocess.cpp(1018,21): warning C4244:  “=”: 从“double”转换到“float”，可能丢失数据
C:\Users\17628\Desktop\dll2\imageprocess.cpp(1019,33): warning C4244:  “=”: 从“double”转换到“float”，可能丢失数据
C:\Users\17628\Desktop\dll2\imageprocess.cpp(1023,13): warning C4244:  “初始化”: 从“float”转换到“int”，可能丢失数据
C:\Users\17628\Desktop\dll2\imageprocess.cpp(1043,22): warning C4244:  “=”: 从“double”转换到“float”，可能丢失数据
C:\Users\17628\Desktop\dll2\imageprocess.cpp(1044,22): warning C4244:  “=”: 从“double”转换到“float”，可能丢失数据
C:\Users\17628\Desktop\dll2\imageprocess.cpp(1056,21): warning C4244:  “=”: 从“double”转换到“float”，可能丢失数据
C:\Users\17628\Desktop\dll2\imageprocess.cpp(1057,33): warning C4244:  “=”: 从“double”转换到“float”，可能丢失数据
C:\Users\17628\Desktop\dll2\imageprocess.cpp(1061,13): warning C4244:  “初始化”: 从“float”转换到“int”，可能丢失数据
C:\Users\17628\Desktop\dll2\imageprocess.cpp(1089,15): warning C4305:  “初始化”: 从“double”到“float”截断
C:\Users\17628\Desktop\dll2\imageprocess.cpp(1103,29): warning C4244:  “=”: 从“double”转换到“float”，可能丢失数据
C:\Users\17628\Desktop\dll2\imageprocess.cpp(1106,65): warning C4244:  “=”: 从“float”转换到“uint8”，可能丢失数据
C:\Users\17628\Desktop\dll2\imageprocess.cpp(1107,65): warning C4244:  “=”: 从“float”转换到“uint8”，可能丢失数据
C:\Users\17628\Desktop\dll2\imageprocess.cpp(1112,24): warning C4244:  “=”: 从“double”转换到“float”，可能丢失数据
C:\Users\17628\Desktop\dll2\imageprocess.cpp(1115,51): warning C4244:  “=”: 从“float”转换到“uint8”，可能丢失数据
C:\Users\17628\Desktop\dll2\imageprocess.cpp(1116,51): warning C4244:  “=”: 从“float”转换到“uint8”，可能丢失数据
C:\Users\17628\Desktop\dll2\imageprocess.cpp(1160,12): warning C4244:  “初始化”: 从“int”转换到“float”，可能丢失数据
C:\Users\17628\Desktop\dll2\imageprocess.cpp(1161,12): warning C4244:  “初始化”: 从“int”转换到“float”，可能丢失数据
C:\Users\17628\Desktop\dll2\imageprocess.cpp(1162,12): warning C4244:  “初始化”: 从“int”转换到“float”，可能丢失数据
C:\Users\17628\Desktop\dll2\imageprocess.cpp(1163,12): warning C4244:  “初始化”: 从“int”转换到“float”，可能丢失数据
C:\Users\17628\Desktop\dll2\imageprocess.cpp(1489,55): warning C4244:  “=”: 从“uint16”转换到“uint8”，可能丢失数据
C:\Users\17628\Desktop\dll2\imageprocess.cpp(1498,55): warning C4244:  “=”: 从“uint16”转换到“uint8”，可能丢失数据
C:\Users\17628\Desktop\dll2\imageprocess.cpp(1614,52): warning C4244:  “=”: 从“int”转换到“float”，可能丢失数据
C:\Users\17628\Desktop\dll2\imageprocess.cpp(1616,20): warning C4244:  “=”: 从“double”转换到“float”，可能丢失数据
C:\Users\17628\Desktop\dll2\imageprocess.cpp(1617,20): warning C4244:  “=”: 从“double”转换到“float”，可能丢失数据
C:\Users\17628\Desktop\dll2\imageprocess.cpp(1660,52): warning C4244:  “=”: 从“int”转换到“float”，可能丢失数据
C:\Users\17628\Desktop\dll2\imageprocess.cpp(1662,20): warning C4244:  “=”: 从“double”转换到“float”，可能丢失数据
C:\Users\17628\Desktop\dll2\imageprocess.cpp(1663,20): warning C4244:  “=”: 从“double”转换到“float”，可能丢失数据
C:\Users\17628\Desktop\dll2\imageprocess.cpp(1719,23): warning C4244:  “=”: 从“double”转换到“float”，可能丢失数据
C:\Users\17628\Desktop\dll2\imageprocess.cpp(1720,23): warning C4244:  “=”: 从“double”转换到“float”，可能丢失数据
C:\Users\17628\Desktop\dll2\imageprocess.cpp(1721,25): warning C4244:  “=”: 从“double”转换到“float”，可能丢失数据
C:\Users\17628\Desktop\dll2\imageprocess.cpp(1722,25): warning C4244:  “=”: 从“double”转换到“float”，可能丢失数据
C:\Users\17628\Desktop\dll2\imageprocess.cpp(1739,23): warning C4244:  “=”: 从“double”转换到“float”，可能丢失数据
C:\Users\17628\Desktop\dll2\imageprocess.cpp(1740,23): warning C4244:  “=”: 从“double”转换到“float”，可能丢失数据
C:\Users\17628\Desktop\dll2\imageprocess.cpp(1741,25): warning C4244:  “=”: 从“double”转换到“float”，可能丢失数据
C:\Users\17628\Desktop\dll2\imageprocess.cpp(1742,25): warning C4244:  “=”: 从“double”转换到“float”，可能丢失数据
C:\Users\17628\Desktop\dll2\imageprocess.cpp(2024,1): warning C4305:  “初始化”: 从“double”到“float”截断
C:\Users\17628\Desktop\dll2\imageprocess.cpp(2104,54): warning C4244:  “=”: 从“double”转换到“float”，可能丢失数据
C:\Users\17628\Desktop\dll2\imageprocess.cpp(2105,54): warning C4244:  “=”: 从“double”转换到“float”，可能丢失数据
C:\Users\17628\Desktop\dll2\imageprocess.cpp(2112,50): warning C4244:  “=”: 从“double”转换到“float”，可能丢失数据
C:\Users\17628\Desktop\dll2\imageprocess.cpp(2113,74): warning C4244:  “=”: 从“double”转换到“float”，可能丢失数据
C:\Users\17628\Desktop\dll2\imageprocess.cpp(2120,50): warning C4244:  “=”: 从“double”转换到“float”，可能丢失数据
C:\Users\17628\Desktop\dll2\imageprocess.cpp(2121,74): warning C4244:  “=”: 从“double”转换到“float”，可能丢失数据
C:\Users\17628\Desktop\dll2\imageprocess.cpp(2550,7): warning C4101:  “txt”: 未引用的局部变量
  dll.vcxproj -> C:\Users\17628\Desktop\dll2\x64\Debug\dll.dll
