c:\users\17628\desktop\ui\dll\x64\debug\vc142.pdb
c:\users\17628\desktop\ui\dll\x64\debug\vc142.idb
c:\users\17628\desktop\ui\dll\x64\debug\stdafx.obj
c:\users\17628\desktop\ui\dll\x64\debug\imageprocess.obj
c:\users\17628\desktop\dll2\x64\debug\vc142.pdb
c:\users\17628\desktop\dll2\x64\debug\vc142.idb
c:\users\17628\desktop\dll2\x64\debug\stdafx.obj
c:\users\17628\desktop\dll2\x64\debug\imageprocess.obj
c:\users\17628\desktop\ui\dll\x64\debug\dll.lib
c:\users\17628\desktop\ui\dll\x64\debug\dll.exp
c:\users\17628\desktop\dll2\x64\debug\dll.lib
c:\users\17628\desktop\dll2\x64\debug\dll.exp
c:\users\17628\desktop\ui\dll\x64\debug\dll.dll
c:\users\17628\desktop\ui\dll\x64\debug\dll.ilk
c:\users\17628\desktop\ui\dll\x64\debug\dll.pdb
c:\users\17628\desktop\dll2\x64\debug\dll.dll
c:\users\17628\desktop\dll2\x64\debug\dll.ilk
c:\users\17628\desktop\dll2\x64\debug\dll.pdb
c:\users\17628\desktop\dll2\x64\debug\nativecodeanalysis.read.1.tlog
c:\users\17628\desktop\dll2\x64\debug\imageprocess.nativecodeanalysis.xml
c:\users\17628\desktop\dll2\x64\debug\vc.nativecodeanalysis.all.xml
c:\users\17628\desktop\dll2\x64\debug\dll.tlog\cl.command.1.tlog
c:\users\17628\desktop\dll2\x64\debug\dll.tlog\cl.read.1.tlog
c:\users\17628\desktop\dll2\x64\debug\dll.tlog\cl.write.1.tlog
c:\users\17628\desktop\dll2\x64\debug\dll.tlog\dll.write.1u.tlog
c:\users\17628\desktop\dll2\x64\debug\dll.tlog\link.103516.delete.1.tlog
c:\users\17628\desktop\dll2\x64\debug\dll.tlog\link.174480.delete.1.tlog
c:\users\17628\desktop\dll2\x64\debug\dll.tlog\link.23520.delete.1.tlog
c:\users\17628\desktop\dll2\x64\debug\dll.tlog\link.30120.delete.1.tlog
c:\users\17628\desktop\dll2\x64\debug\dll.tlog\link.37432.delete.1.tlog
c:\users\17628\desktop\dll2\x64\debug\dll.tlog\link.43404.delete.1.tlog
c:\users\17628\desktop\dll2\x64\debug\dll.tlog\link.4944.delete.1.tlog
c:\users\17628\desktop\dll2\x64\debug\dll.tlog\link.51596.delete.1.tlog
c:\users\17628\desktop\dll2\x64\debug\dll.tlog\link.58700.delete.1.tlog
c:\users\17628\desktop\dll2\x64\debug\dll.tlog\link.65280.delete.1.tlog
c:\users\17628\desktop\dll2\x64\debug\dll.tlog\link.65424.delete.1.tlog
c:\users\17628\desktop\dll2\x64\debug\dll.tlog\link.67596.delete.1.tlog
c:\users\17628\desktop\dll2\x64\debug\dll.tlog\link.70540.delete.1.tlog
c:\users\17628\desktop\dll2\x64\debug\dll.tlog\link.75116.delete.1.tlog
c:\users\17628\desktop\dll2\x64\debug\dll.tlog\link.76892.delete.1.tlog
c:\users\17628\desktop\dll2\x64\debug\dll.tlog\link.79104.delete.1.tlog
c:\users\17628\desktop\dll2\x64\debug\dll.tlog\link.79624.delete.1.tlog
c:\users\17628\desktop\dll2\x64\debug\dll.tlog\link.79656.delete.1.tlog
c:\users\17628\desktop\dll2\x64\debug\dll.tlog\link.79724.delete.1.tlog
c:\users\17628\desktop\dll2\x64\debug\dll.tlog\link.98704.delete.1.tlog
c:\users\17628\desktop\dll2\x64\debug\dll.tlog\link.command.1.tlog
c:\users\17628\desktop\dll2\x64\debug\dll.tlog\link.delete.1.tlog
c:\users\17628\desktop\dll2\x64\debug\dll.tlog\link.read.1.tlog
c:\users\17628\desktop\dll2\x64\debug\dll.tlog\link.write.1.tlog
